0 info it worked if it ends with ok
1 verbose cli [ '/usr/local/bin/node', '/usr/local/bin/npm', 'publish' ]
2 info using npm@3.3.12
3 info using node@v5.3.0
4 verbose publish [ '.' ]
5 silly cache add args [ '.', null ]
6 verbose cache add spec .
7 silly cache add parsed spec Result {
7 silly cache add   raw: '.',
7 silly cache add   scope: null,
7 silly cache add   name: null,
7 silly cache add   rawSpec: '.',
7 silly cache add   spec: '/Users/suhail/Sites/react-carousel',
7 silly cache add   type: 'directory' }
8 verbose addLocalDirectory /Users/suhail/.npm/sh-react-carousel/1.0.0/package.tgz not in flight; packing
9 info lifecycle sh-react-carousel@1.0.0~prepublish: sh-react-carousel@1.0.0
10 silly lifecycle sh-react-carousel@1.0.0~prepublish: no script for prepublish, continuing
11 verbose tar pack [ '/Users/suhail/.npm/sh-react-carousel/1.0.0/package.tgz',
11 verbose tar pack   '/Users/suhail/Sites/react-carousel' ]
12 verbose tarball /Users/suhail/.npm/sh-react-carousel/1.0.0/package.tgz
13 verbose folder /Users/suhail/Sites/react-carousel
14 verbose addLocalTarball adding from inside cache /Users/suhail/.npm/sh-react-carousel/1.0.0/package.tgz
15 silly cache afterAdd sh-react-carousel@1.0.0
16 verbose afterAdd /Users/suhail/.npm/sh-react-carousel/1.0.0/package/package.json not in flight; writing
17 verbose afterAdd /Users/suhail/.npm/sh-react-carousel/1.0.0/package/package.json written
18 silly publish { name: 'sh-react-carousel',
18 silly publish   version: '1.0.0',
18 silly publish   description: 'A carousel component written for ReactJS application written in TypeScript. ',
18 silly publish   main: 'index.js',
18 silly publish   scripts: { test: 'npm test' },
18 silly publish   repository:
18 silly publish    { type: 'git',
18 silly publish      url: 'git+https://github.com/suhdev/react-carousel.git' },
18 silly publish   keywords: [ 'Carousel', 'Responsive', 'ReactJS', 'TypeScript' ],
18 silly publish   author:
18 silly publish    { name: 'Suhail Abood',
18 silly publish      email: 'suhail.abood@gmail.com',
18 silly publish      url: 'suhailabood.me' },
18 silly publish   license: 'ISC',
18 silly publish   bugs: { url: 'https://github.com/suhdev/react-carousel/issues' },
18 silly publish   homepage: 'https://github.com/suhdev/react-carousel#readme',
18 silly publish   devDependencies:
18 silly publish    { jslint: '^0.10.1',
18 silly publish      jspm: '^0.16.39',
18 silly publish      tslint: '^3.11.0',
18 silly publish      typescript: '^1.8.10' },
18 silly publish   dependencies: { react: '^15.1.0' },
18 silly publish   jspm:
18 silly publish    { registry: 'npm',
18 silly publish      main: 'es6/index.js',
18 silly publish      format: 'es6',
18 silly publish      dependencies:
18 silly publish       { immutable: '^3.8.1',
18 silly publish         react: 'npm:react@^15.1.0',
18 silly publish         'react-dom': '^15.0.1' },
18 silly publish      devDependencies:
18 silly publish       { babel: 'babel-core@^5.8.24',
18 silly publish         'babel-runtime': '^5.8.24',
18 silly publish         'core-js': '^1.1.4',
18 silly publish         typescript: '^1.6.2' } },
18 silly publish   readme: '#react-carousel\n\nA ReactJS Carousel component written in TypeScript. \n\n##Available Properties\n1. `items`\nThe items to show on the carousel. Each item is an object that must include the following two properties: `key` and `label`. \n2. `selIndex`\nThe item of the currently selected item. \n3. `prevButton`\nA `React.ReactElement` to be used as the previous button.\n4. `nextButton`\nA `React.ReactElement` to be used as the next button. \n5. `onItemClick`\nA function to be called when a carousel item is clicked. \n6. `minItemWidth`\nThe minimum width of the carousel items. \n7. `width` \nThe width of the carousel component excluding the next/button width. \n8. `buttonWidth`\nAn optional parameter used to set the width of the next/prev buttons. Defaults to 42.\n9. `gutter`\nAn optional parameter used to set the gutter between carousel items, defaults to 0. Note: this parameter will not actually set the gutter between items, please use CSS to do so. \nIt is mainly to account for the gutter when calculating widths of the carousel items.   \n\n##Styling\n1. Component CSS selector `.react-carousel`\n2. Carousel item CSS selector `.rc-item` \n3. Carousel buttons CSS selector `.rc-btn`, prev -> `.rc-btn.prev`, next -> `.rc-btn.next`\n4. Carousel viewport CSS selector `.rc-viewport`\n5. Carousel viewport wrapper CSS selector `.rc-viewport-wrapper`\n\n##Usage\n\nHTML file\n```html\n<!DOCTYPE html>\n<html>\n    <head>...</head>\n    <body>\n        ....\n        <div id="ComponentContainer"></div>\n        ....\n    </body>\n</html>\n```\n\n1. TypeScript/JavaScript (ES6) \n\n```typescript\n//main.ts | main.js\nimport * as ReactDOM from \'react-dom\'; \nimport * as React from \'react\';\nimport {ReactCarousel} from \'react-carousel\'; \nlet items = [0,1,2,3,4].map((e)=>{\n    return {\n        label:e+\'\',\n        key:e+\'\'\n    };\n}); \nlet comp = ReactDOM.render((<ReactCarousel \n    items={items} \n    selIndex={0} \n    prevButton={(<span>Prev</span>)}\n    nextButton={(<span>Next</span>)}\n    onItemClick={(idx:number,key:string)=>{console.log(idx);console.log(key);}}\n    minItemWidth={80}\n    gutter={4}\n    buttonWidth={42}\n    width={400} />),document.getElementById(\'ComponentContainer\'));\n```\n\n2. JavaScript  (ES6) with CommonJS modules\n\n```javascript\n//main.js\nvar React = require(\'react\');\nvar ReactDOM = require(\'react-dom\');\nvar ReactCarousel = require(\'react-carousel\');  \nvar items = [0,1,2,3,4].map((e)=>{\n    return {\n        label:e+\'\',\n        key:e+\'\'\n    };\n}); \nvar comp = ReactDOM.render((<ReactCarousel \n    items={items} \n    selIndex={0} \n    prevButton={(<span>Prev</span>)}\n    nextButton={(<span>Next</span>)}\n    onItemClick={(idx:number,key:string)=>{console.log(idx);console.log(key);}}\n    minItemWidth={80}\n    gutter={4}\n    buttonWidth={42}\n    width={400} />),document.getElementById(\'ComponentContainer\'));\n```',
18 silly publish   readmeFilename: 'README.md',
18 silly publish   gitHead: '518e88aa3fc57b81e637aa6999d75ec089a7c612',
18 silly publish   _id: 'sh-react-carousel@1.0.0',
18 silly publish   _shasum: '24de2840d130c249970e616183595babe3bb30cb',
18 silly publish   _from: '.' }
19 verbose getPublishConfig undefined
20 silly mapToRegistry name sh-react-carousel
21 silly mapToRegistry using default registry
22 silly mapToRegistry registry https://registry.npmjs.org/
23 silly mapToRegistry uri https://registry.npmjs.org/sh-react-carousel
24 verbose publish registryBase https://registry.npmjs.org/
25 silly publish uploading /Users/suhail/.npm/sh-react-carousel/1.0.0/package.tgz
26 verbose request uri https://registry.npmjs.org/sh-react-carousel
27 verbose request sending authorization for write operation
28 info attempt registry request try #1 at 3:04:15 AM
29 verbose request using bearer token for auth
30 verbose request id 514b17aba3bdda12
31 http request PUT https://registry.npmjs.org/sh-react-carousel
32 http 403 https://registry.npmjs.org/sh-react-carousel
33 verbose headers { 'content-type': 'application/json',
33 verbose headers   'cache-control': 'max-age=300',
33 verbose headers   'content-length': '95',
33 verbose headers   'accept-ranges': 'bytes',
33 verbose headers   date: 'Sat, 18 Jun 2016 02:04:16 GMT',
33 verbose headers   via: '1.1 varnish',
33 verbose headers   connection: 'keep-alive',
33 verbose headers   'x-served-by': 'cache-lhr6343-LHR',
33 verbose headers   'x-cache': 'MISS',
33 verbose headers   'x-cache-hits': '0',
33 verbose headers   'x-timer': 'S1466215455.759518,VS0,VE1188',
33 verbose headers   vary: 'Accept-Encoding' }
34 verbose request invalidating /Users/suhail/.npm/registry.npmjs.org/sh-react-carousel on PUT
35 error publish Failed PUT 403
36 verbose stack Error: "You cannot publish over the previously published version 1.0.0." : sh-react-carousel
36 verbose stack     at makeError (/usr/local/lib/node_modules/npm/node_modules/npm-registry-client/lib/request.js:264:12)
36 verbose stack     at CachingRegistryClient.<anonymous> (/usr/local/lib/node_modules/npm/node_modules/npm-registry-client/lib/request.js:252:14)
36 verbose stack     at Request._callback (/usr/local/lib/node_modules/npm/node_modules/npm-registry-client/lib/request.js:172:14)
36 verbose stack     at Request.self.callback (/usr/local/lib/node_modules/npm/node_modules/request/request.js:198:22)
36 verbose stack     at emitTwo (events.js:87:13)
36 verbose stack     at Request.emit (events.js:172:7)
36 verbose stack     at Request.<anonymous> (/usr/local/lib/node_modules/npm/node_modules/request/request.js:1082:10)
36 verbose stack     at emitOne (events.js:82:20)
36 verbose stack     at Request.emit (events.js:169:7)
36 verbose stack     at IncomingMessage.<anonymous> (/usr/local/lib/node_modules/npm/node_modules/request/request.js:1009:12)
37 verbose statusCode 403
38 verbose pkgid sh-react-carousel
39 verbose cwd /Users/suhail/Sites/react-carousel
40 error Darwin 15.5.0
41 error argv "/usr/local/bin/node" "/usr/local/bin/npm" "publish"
42 error node v5.3.0
43 error npm  v3.3.12
44 error code E403
45 error "You cannot publish over the previously published version 1.0.0." : sh-react-carousel
46 error If you need help, you may report this error at:
46 error     <https://github.com/npm/npm/issues>
47 verbose exit [ 1, true ]
